#! /usr/bin/vvp
:ivl_version "10.3 (stable)";
:ivl_delay_selection "TYPICAL";
:vpi_time_precision + 0;
:vpi_module "system";
:vpi_module "vhdl_sys";
:vpi_module "v2005_math";
:vpi_module "va_math";
S_0x55999bf4b7c0 .scope module, "FF_Tb" "FF_Tb" 2 1;
 .timescale 0 0;
v0x55999bf5d570_0 .var "D", 0 0;
v0x55999bf5d630_0 .net "Q", 0 0, v0x55999bf5d270_0;  1 drivers
v0x55999bf5d700_0 .var "clk", 0 0;
v0x55999bf5d800_0 .var "delay1", 4 0;
v0x55999bf5d8a0_0 .var/real "i", 0 0;
v0x55999bf5d990_0 .var "reset", 0 0;
S_0x55999bf4b940 .scope module, "f1" "FlipFlop" 2 42, 3 1 0, S_0x55999bf4b7c0;
 .timescale 0 0;
    .port_info 0 /INPUT 1 "D"
    .port_info 1 /INPUT 1 "clk"
    .port_info 2 /INPUT 1 "reset"
    .port_info 3 /OUTPUT 1 "Q"
v0x55999bf28320_0 .net "D", 0 0, v0x55999bf5d570_0;  1 drivers
v0x55999bf5d270_0 .var "Q", 0 0;
v0x55999bf5d330_0 .net "clk", 0 0, v0x55999bf5d700_0;  1 drivers
v0x55999bf5d400_0 .net "reset", 0 0, v0x55999bf5d990_0;  1 drivers
E_0x55999bf13840 .event posedge, v0x55999bf5d400_0, v0x55999bf5d330_0;
    .scope S_0x55999bf4b940;
T_0 ;
    %wait E_0x55999bf13840;
    %load/vec4 v0x55999bf5d400_0;
    %cmpi/e 0, 0, 1;
    %jmp/0xz  T_0.0, 4;
    %load/vec4 v0x55999bf28320_0;
    %assign/vec4 v0x55999bf5d270_0, 0;
    %jmp T_0.1;
T_0.0 ;
    %pushi/vec4 0, 0, 1;
    %assign/vec4 v0x55999bf5d270_0, 0;
T_0.1 ;
    %jmp T_0;
    .thread T_0;
    .scope S_0x55999bf4b7c0;
T_1 ;
T_1.0 ;
    %delay 3, 0;
    %load/vec4 v0x55999bf5d700_0;
    %inv;
    %store/vec4 v0x55999bf5d700_0, 0, 1;
    %jmp T_1.0;
    %end;
    .thread T_1;
    .scope S_0x55999bf4b7c0;
T_2 ;
    %pushi/vec4 0, 0, 1;
    %assign/vec4 v0x55999bf5d700_0, 0;
    %pushi/vec4 0, 0, 1;
    %assign/vec4 v0x55999bf5d570_0, 0;
    %pushi/vec4 0, 0, 1;
    %assign/vec4 v0x55999bf5d990_0, 0;
    %delay 18, 0;
    %pushi/vec4 1, 0, 1;
    %store/vec4 v0x55999bf5d570_0, 0, 1;
    %delay 11, 0;
    %pushi/vec4 1, 0, 1;
    %store/vec4 v0x55999bf5d990_0, 0, 1;
    %delay 10, 0;
    %pushi/vec4 0, 0, 1;
    %store/vec4 v0x55999bf5d990_0, 0, 1;
    %pushi/real 0, 4065; load=0.00000
    %store/real v0x55999bf5d8a0_0;
T_2.0 ;
    %load/real v0x55999bf5d8a0_0;
    %pushi/vec4 5, 0, 32;
    %ix/vec4/s 4;
    %cvt/rs 4;
    %cmp/wr;
    %jmp/0xz T_2.1, 5;
    %vpi_func 2 17 "$random" 32 {0 0 0};
    %pad/s 5;
    %store/vec4 v0x55999bf5d800_0, 0, 5;
    %load/vec4 v0x55999bf5d800_0;
    %pad/u 64;
    %muli 1, 0, 64;
    %ix/vec4 4;
    %delayx 4;
    %load/real v0x55999bf5d8a0_0;
    %cvt/vr 1;
    %assign/vec4 v0x55999bf5d570_0, 0;
    %load/real v0x55999bf5d8a0_0;
    %pushi/vec4 1, 0, 32;
    %ix/vec4/s 4;
    %cvt/rs 4;
    %add/wr;
    %store/real v0x55999bf5d8a0_0;
    %jmp T_2.0;
T_2.1 ;
    %delay 20, 0;
    %vpi_call 2 20 "$stop" {0 0 0};
    %end;
    .thread T_2;
    .scope S_0x55999bf4b7c0;
T_3 ;
    %vpi_call 2 38 "$dumpfile", "FF_test.vcd" {0 0 0};
    %vpi_call 2 39 "$dumpvars", 32'sb00000000000000000000000000000000, S_0x55999bf4b7c0 {0 0 0};
    %end;
    .thread T_3;
    .scope S_0x55999bf4b7c0;
T_4 ;
    %vpi_call 2 44 "$monitor", "Time = %d,  reset = %h, D = %h, Q = %0b", $time, v0x55999bf5d990_0, v0x55999bf5d570_0, v0x55999bf5d630_0 {0 0 0};
    %end;
    .thread T_4;
# The file index is used to find the file name in the following table.
:file_names 4;
    "N/A";
    "<interactive>";
    "FF_Tb.sv";
    "FlipFlop.v";
